0 verbose cli [
0 verbose cli   '/usr/share/nodejs15/bin/node',
0 verbose cli   '/usr/share/nodejs15/bin/npm',
0 verbose cli   'run',
0 verbose cli   'development'
0 verbose cli ]
1 info using npm@7.0.13
2 info using node@v15.2.1
3 timing config:load:defaults Completed in 1ms
4 timing config:load:file:/usr/share/nodejs15/lib/node_modules/npm/npmrc Completed in 0ms
5 timing config:load:builtin Completed in 0ms
6 timing config:load:cli Completed in 1ms
7 timing config:load:env Completed in 0ms
8 timing config:load:file:/home/server318292/ftp/public_html/.npmrc Completed in 0ms
9 timing config:load:project Completed in 0ms
10 timing config:load:file:/home/server318292/ftp/.node/npmrc15 Completed in 1ms
11 timing config:load:user Completed in 1ms
12 timing config:load:file:/home/server318292/ftp/.node/15/etc/npmrc Completed in 0ms
13 timing config:load:global Completed in 0ms
14 timing config:load:cafile Completed in 1ms
15 timing config:load:validate Completed in 0ms
16 timing config:load:setUserAgent Completed in 0ms
17 timing config:load:setEnvs Completed in 1ms
18 timing config:load Completed in 5ms
19 verbose npm-session 8157faabbc60ac8d
20 timing npm:load Completed in 9ms
21 timing command:run-script Completed in 11ms
22 verbose stack Error: command failed
22 verbose stack     at ChildProcess.<anonymous> (/usr/share/nodejs15/lib/node_modules/npm/node_modules/@npmcli/promise-spawn/index.js:64:27)
22 verbose stack     at ChildProcess.emit (node:events:329:20)
22 verbose stack     at maybeClose (node:internal/child_process:1055:16)
22 verbose stack     at Process.ChildProcess._handle.onexit (node:internal/child_process:288:5)
23 verbose cwd /home/server318292/ftp/public_html
24 verbose Linux 4.15.0-133-generic
25 verbose argv "/usr/share/nodejs15/bin/node" "/usr/share/nodejs15/bin/npm" "run" "development"
26 verbose node v15.2.1
27 verbose npm  v7.0.13
28 error code 127
29 error path /home/server318292/ftp/public_html
30 error command failed
31 error command sh -c mix
32 verbose exit 127
